{"/home/rafaelimaf/Documents/projects/openshop/src/App.tsx": {"path":"/home/rafaelimaf/Documents/projects/openshop/src/App.tsx","statementMap":{"0":{"start":{"line":5,"column":2},"end":{"line":9,"column":4}}},"fnMap":{"0":{"name":"App","decl":{"start":{"line":4,"column":9},"end":{"line":4,"column":12}},"loc":{"start":{"line":4,"column":15},"end":{"line":10,"column":1}},"line":4}},"branchMap":{},"s":{"0":0},"f":{"0":0},"b":{}}
,"/home/rafaelimaf/Documents/projects/openshop/src/components/Header/Header.tsx": {"path":"/home/rafaelimaf/Documents/projects/openshop/src/components/Header/Header.tsx","statementMap":{"0":{"start":{"line":5,"column":2},"end":{"line":30,"column":4}}},"fnMap":{"0":{"name":"Header","decl":{"start":{"line":4,"column":24},"end":{"line":4,"column":30}},"loc":{"start":{"line":4,"column":33},"end":{"line":31,"column":1}},"line":4}},"branchMap":{},"s":{"0":3},"f":{"0":3},"b":{},"_coverageSchema":"1a1c01bbd47fc00a2c39e90264f33305004495a9","hash":"bb0a4dfe28979b987c8dc49214f1e1949c26be85"}
}
